0 info it worked if it ends with ok
1 verbose cli [ 'node', '/usr/local/bin/npm', 'install', 'restify' ]
2 info using npm@1.5.0-alpha-2
3 info using node@v0.10.29
4 verbose node symlink /usr/local/bin/node
5 warn package.json @ No description
6 warn package.json @ No repository field.
7 warn package.json @ No README data
8 verbose readDependencies using package.json deps
9 verbose cache add [ 'restify', null ]
10 verbose cache add spec="restify" args=["restify",null]
11 verbose parsed spec { raw: 'restify',
11 verbose parsed spec   scope: null,
11 verbose parsed spec   name: 'restify',
11 verbose parsed spec   rawSpec: '',
11 verbose parsed spec   spec: '*',
11 verbose parsed spec   type: 'range' }
12 verbose addNamed [ 'restify', '*' ]
13 verbose addNamed [ null, '*' ]
14 silly lockFile 6936f8cb-restify restify@*
15 verbose lock restify@* /Users/shannonnagaoka/.npm/6936f8cb-restify.lock
16 silly addNameRange { name: 'restify', range: '*', hasData: false }
17 verbose mapToRegistry name restify
18 verbose mapToRegistry uri https://registry.npmjs.org/restify
19 verbose request where is /restify
20 verbose request registry https://registry.npmjs.org/
21 verbose request id ea6861cfbe5f5d9c
22 verbose request url raw /restify
23 verbose request url resolving [ 'https://registry.npmjs.org/', './restify' ]
24 verbose request url resolved https://registry.npmjs.org/restify
25 verbose request where is https://registry.npmjs.org/restify
26 verbose request no basic auth needed
27 info trying registry request attempt 1 at 21:38:58
28 http GET https://registry.npmjs.org/restify
29 http 200 https://registry.npmjs.org/restify
30 silly registry.get cb [ 200,
30 silly registry.get   { date: 'Thu, 17 Jul 2014 07:38:59 GMT',
30 silly registry.get     server: 'CouchDB/1.5.0 (Erlang OTP/R16B03)',
30 silly registry.get     etag: '"5DWJRUUWUJ9PZREQ8KRR3MYW5"',
30 silly registry.get     'content-type': 'application/json',
30 silly registry.get     'cache-control': 'max-age=30',
30 silly registry.get     'content-length': '145926',
30 silly registry.get     'accept-ranges': 'bytes',
30 silly registry.get     via: '1.1 varnish',
30 silly registry.get     age: '3111',
30 silly registry.get     'x-served-by': 'cache-ord1727-ORD',
30 silly registry.get     'x-cache': 'HIT',
30 silly registry.get     'x-cache-hits': '1',
30 silly registry.get     'x-timer': 'S1405582739.517625,VS0,VE141',
30 silly registry.get     vary: 'Accept',
30 silly registry.get     'keep-alive': 'timeout=10, max=50',
30 silly registry.get     connection: 'Keep-Alive' } ]
31 silly addNameRange number 2 { name: 'restify', range: '*', hasData: true }
32 silly addNameRange versions [ 'restify',
32 silly addNameRange   [ '0.1.0',
32 silly addNameRange     '0.1.1',
32 silly addNameRange     '0.1.2',
32 silly addNameRange     '0.1.4',
32 silly addNameRange     '0.1.5',
32 silly addNameRange     '0.1.6',
32 silly addNameRange     '0.1.7',
32 silly addNameRange     '0.1.8',
32 silly addNameRange     '0.1.9',
32 silly addNameRange     '0.1.10',
32 silly addNameRange     '0.1.11',
32 silly addNameRange     '0.1.12',
32 silly addNameRange     '0.1.13',
32 silly addNameRange     '0.1.14',
32 silly addNameRange     '0.1.15',
32 silly addNameRange     '0.1.16',
32 silly addNameRange     '0.1.17',
32 silly addNameRange     '0.1.18',
32 silly addNameRange     '0.1.19',
32 silly addNameRange     '0.1.20',
32 silly addNameRange     '0.1.21',
32 silly addNameRange     '0.1.22',
32 silly addNameRange     '0.1.23',
32 silly addNameRange     '0.2.0',
32 silly addNameRange     '0.2.1',
32 silly addNameRange     '0.2.2',
32 silly addNameRange     '0.2.3',
32 silly addNameRange     '0.2.4',
32 silly addNameRange     '0.2.5',
32 silly addNameRange     '0.2.6',
32 silly addNameRange     '0.2.7',
32 silly addNameRange     '0.2.8',
32 silly addNameRange     '0.2.9',
32 silly addNameRange     '0.2.10',
32 silly addNameRange     '0.2.11',
32 silly addNameRange     '0.2.12',
32 silly addNameRange     '0.2.13',
32 silly addNameRange     '0.3.0',
32 silly addNameRange     '0.3.1',
32 silly addNameRange     '0.3.2-pre1',
32 silly addNameRange     '0.3.2',
32 silly addNameRange     '0.3.3',
32 silly addNameRange     '0.3.4',
32 silly addNameRange     '0.3.5',
32 silly addNameRange     '0.3.6',
32 silly addNameRange     '0.3.7',
32 silly addNameRange     '0.3.8',
32 silly addNameRange     '0.3.9',
32 silly addNameRange     '0.3.10',
32 silly addNameRange     '0.3.11',
32 silly addNameRange     '0.3.12',
32 silly addNameRange     '0.3.14',
32 silly addNameRange     '0.3.15',
32 silly addNameRange     '0.4.0',
32 silly addNameRange     '0.4.1',
32 silly addNameRange     '0.4.2',
32 silly addNameRange     '0.4.3',
32 silly addNameRange     '0.4.4',
32 silly addNameRange     '0.5.0',
32 silly addNameRange     '0.5.1',
32 silly addNameRange     '0.5.3',
32 silly addNameRange     '0.5.4',
32 silly addNameRange     '0.5.5',
32 silly addNameRange     '0.5.6',
32 silly addNameRange     '1.0.0-1-rc',
32 silly addNameRange     '1.0.0-1-rc2',
32 silly addNameRange     '0.5.7',
32 silly addNameRange     '1.0.0',
32 silly addNameRange     '1.0.1',
32 silly addNameRange     '1.1.0',
32 silly addNameRange     '1.1.1',
32 silly addNameRange     '1.2.0',
32 silly addNameRange     '1.3.0',
32 silly addNameRange     '1.4.0',
32 silly addNameRange     '1.4.1',
32 silly addNameRange     '1.4.2',
32 silly addNameRange     '1.4.3',
32 silly addNameRange     '1.4.4',
32 silly addNameRange     '2.0.0',
32 silly addNameRange     '2.0.1',
32 silly addNameRange     '2.0.2',
32 silly addNameRange     '2.0.3',
32 silly addNameRange     '2.0.4',
32 silly addNameRange     '2.1.0',
32 silly addNameRange     '2.1.1',
32 silly addNameRange     '2.2.0',
32 silly addNameRange     '2.2.1',
32 silly addNameRange     '2.3.0',
32 silly addNameRange     '2.3.1',
32 silly addNameRange     '2.3.2',
32 silly addNameRange     '2.3.3',
32 silly addNameRange     '2.3.4',
32 silly addNameRange     '2.3.5',
32 silly addNameRange     '2.4.0',
32 silly addNameRange     '2.4.1',
32 silly addNameRange     '2.5.0',
32 silly addNameRange     '2.5.1',
32 silly addNameRange     '2.6.0',
32 silly addNameRange     '2.6.1',
32 silly addNameRange     '2.6.2',
32 silly addNameRange     '2.6.3',
32 silly addNameRange     '2.7.0',
32 silly addNameRange     '2.8.0',
32 silly addNameRange     '2.8.1' ] ]
33 verbose addNamed [ 'restify', '2.8.1' ]
34 verbose addNamed [ '2.8.1', '2.8.1' ]
35 silly lockFile dda3df4b-restify-2-8-1 restify@2.8.1
36 verbose lock restify@2.8.1 /Users/shannonnagaoka/.npm/dda3df4b-restify-2-8-1.lock
37 silly lockFile eeced6b9-js-org-restify-restify-2-8-1-tgz https://registry.npmjs.org/restify/-/restify-2.8.1.tgz
38 verbose lock https://registry.npmjs.org/restify/-/restify-2.8.1.tgz /Users/shannonnagaoka/.npm/eeced6b9-js-org-restify-restify-2-8-1-tgz.lock
39 verbose addRemoteTarball [ 'https://registry.npmjs.org/restify/-/restify-2.8.1.tgz',
39 verbose addRemoteTarball   '7fc2135929a06b21e6e60ad41f8b5a72f3a0c117' ]
40 info retry fetch attempt 1 at 21:38:59
41 verbose fetch to= /var/folders/s0/bvwr0rys4m37k1n3cytgyp800000gn/T/npm-7592-Z6clYaaA/registry.npmjs.org/restify/-/restify-2.8.1.tgz
42 http GET https://registry.npmjs.org/restify/-/restify-2.8.1.tgz
43 http 200 https://registry.npmjs.org/restify/-/restify-2.8.1.tgz
44 silly lockFile eeced6b9-js-org-restify-restify-2-8-1-tgz https://registry.npmjs.org/restify/-/restify-2.8.1.tgz
45 silly lockFile eeced6b9-js-org-restify-restify-2-8-1-tgz https://registry.npmjs.org/restify/-/restify-2.8.1.tgz
46 silly lockFile dda3df4b-restify-2-8-1 restify@2.8.1
47 silly lockFile dda3df4b-restify-2-8-1 restify@2.8.1
48 silly lockFile 6936f8cb-restify restify@*
49 silly lockFile 6936f8cb-restify restify@*
50 silly resolved [ { author: { name: 'Mark Cavage', email: 'mcavage@gmail.com' },
50 silly resolved     contributors:
50 silly resolved      [ [Object],
50 silly resolved        [Object],
50 silly resolved        [Object],
50 silly resolved        [Object],
50 silly resolved        [Object],
50 silly resolved        [Object],
50 silly resolved        [Object],
50 silly resolved        [Object],
50 silly resolved        [Object],
50 silly resolved        [Object],
50 silly resolved        [Object],
50 silly resolved        [Object],
50 silly resolved        [Object],
50 silly resolved        [Object],
50 silly resolved        [Object],
50 silly resolved        [Object],
50 silly resolved        [Object],
50 silly resolved        [Object],
50 silly resolved        [Object],
50 silly resolved        [Object],
50 silly resolved        [Object],
50 silly resolved        [Object],
50 silly resolved        [Object],
50 silly resolved        [Object],
50 silly resolved        [Object],
50 silly resolved        [Object],
50 silly resolved        [Object],
50 silly resolved        [Object] ],
50 silly resolved     name: 'restify',
50 silly resolved     homepage: 'http://mcavage.github.com/node-restify',
50 silly resolved     description: 'REST framework',
50 silly resolved     version: '2.8.1',
50 silly resolved     repository:
50 silly resolved      { type: 'git',
50 silly resolved        url: 'git://github.com/mcavage/node-restify.git' },
50 silly resolved     main: 'lib/index.js',
50 silly resolved     directories: { lib: './lib' },
50 silly resolved     bin: { 'report-latency': './bin/report-latency' },
50 silly resolved     engines: { node: '>=0.10' },
50 silly resolved     dependencies:
50 silly resolved      { 'assert-plus': '0.1.5',
50 silly resolved        backoff: '2.3.0',
50 silly resolved        bunyan: '0.22.1',
50 silly resolved        csv: '0.3.7',
50 silly resolved        'deep-equal': '0.0.0',
50 silly resolved        'escape-regexp-component': '1.0.2',
50 silly resolved        formidable: '1.0.14',
50 silly resolved        'http-signature': '0.10.0',
50 silly resolved        'keep-alive-agent': '0.0.1',
50 silly resolved        'lru-cache': '2.3.1',
50 silly resolved        mime: '1.2.11',
50 silly resolved        negotiator: '0.3.0',
50 silly resolved        'node-uuid': '1.4.1',
50 silly resolved        once: '1.3.0',
50 silly resolved        qs: '0.6.6',
50 silly resolved        semver: '2.2.1',
50 silly resolved        spdy: '1.19.3',
50 silly resolved        'tunnel-agent': '0.4.0',
50 silly resolved        verror: '1.3.7',
50 silly resolved        'dtrace-provider': '0.2.8' },
50 silly resolved     optionalDependencies: { 'dtrace-provider': '0.2.8' },
50 silly resolved     devDependencies:
50 silly resolved      { cover: '0.2.9',
50 silly resolved        filed: '0.1.0',
50 silly resolved        nodeunit: '0.8.6',
50 silly resolved        watershed: '0.3.0' },
50 silly resolved     scripts: { test: 'nodeunit ./test' },
50 silly resolved     bugs: { url: 'https://github.com/mcavage/node-restify/issues' },
50 silly resolved     _id: 'restify@2.8.1',
50 silly resolved     dist:
50 silly resolved      { shasum: '7fc2135929a06b21e6e60ad41f8b5a72f3a0c117',
50 silly resolved        tarball: 'http://registry.npmjs.org/restify/-/restify-2.8.1.tgz' },
50 silly resolved     _from: 'restify@*',
50 silly resolved     _npmVersion: '1.4.3',
50 silly resolved     _npmUser: { name: 'mcavage', email: 'mcavage@gmail.com' },
50 silly resolved     maintainers: [ [Object] ],
50 silly resolved     _shasum: '7fc2135929a06b21e6e60ad41f8b5a72f3a0c117',
50 silly resolved     _resolved: 'https://registry.npmjs.org/restify/-/restify-2.8.1.tgz' } ]
51 info install restify@2.8.1 into /Users/shannonnagaoka/DevLeague/MongoComments
52 info installOne restify@2.8.1
53 verbose node_modules/restify unbuild
54 verbose gentlyRm vacuuming /Users/shannonnagaoka/DevLeague/MongoComments/node_modules/restify
55 verbose tar unpack /Users/shannonnagaoka/.npm/restify/2.8.1/package.tgz
56 silly lockFile fe3e3edd-ngoComments-node-modules-restify tar:///Users/shannonnagaoka/DevLeague/MongoComments/node_modules/restify
57 verbose lock tar:///Users/shannonnagaoka/DevLeague/MongoComments/node_modules/restify /Users/shannonnagaoka/.npm/fe3e3edd-ngoComments-node-modules-restify.lock
58 silly lockFile 773dcae6-ka-npm-restify-2-8-1-package-tgz tar:///Users/shannonnagaoka/.npm/restify/2.8.1/package.tgz
59 verbose lock tar:///Users/shannonnagaoka/.npm/restify/2.8.1/package.tgz /Users/shannonnagaoka/.npm/773dcae6-ka-npm-restify-2-8-1-package-tgz.lock
60 verbose gentlyRm vacuuming /Users/shannonnagaoka/DevLeague/MongoComments/node_modules/restify
61 silly gunzTarPerm modes [ '755', '644' ]
62 silly gunzTarPerm extractEntry package.json
63 silly gunzTarPerm extractEntry .npmignore
64 silly gunzTarPerm extractEntry README.md
65 silly gunzTarPerm extractEntry LICENSE
66 silly gunzTarPerm extractEntry CHANGES.md
67 silly gunzTarPerm extractEntry bin/report-latency
68 silly gunzTarPerm extractEntry lib/bunyan_helper.js
69 silly gunzTarPerm extractEntry lib/dtrace.js
70 silly gunzTarPerm extractEntry lib/upgrade.js
71 silly gunzTarPerm extractEntry lib/server.js
72 silly gunzTarPerm extractEntry lib/http_date.js
73 silly gunzTarPerm extractEntry lib/index.js
74 silly gunzTarPerm extractEntry lib/router.js
75 silly gunzTarPerm extractEntry lib/request.js
76 silly gunzTarPerm extractEntry lib/response.js
77 silly gunzTarPerm extractEntry lib/utils.js
78 silly gunzTarPerm extractEntry lib/clients/http_client.js
79 silly gunzTarPerm extractEntry lib/clients/index.js
80 silly gunzTarPerm extractEntry lib/clients/json_client.js
81 silly gunzTarPerm extractEntry lib/clients/string_client.js
82 silly gunzTarPerm extractEntry lib/formatters/binary.js
83 silly gunzTarPerm extractEntry lib/formatters/index.js
84 silly gunzTarPerm extractEntry lib/formatters/json.js
85 silly gunzTarPerm extractEntry lib/formatters/jsonp.js
86 silly gunzTarPerm extractEntry lib/formatters/text.js
87 silly gunzTarPerm extractEntry lib/errors/http_error.js
88 silly gunzTarPerm extractEntry lib/errors/index.js
89 silly gunzTarPerm extractEntry lib/errors/rest_error.js
90 silly gunzTarPerm extractEntry lib/plugins/accept.js
91 silly gunzTarPerm extractEntry lib/plugins/conditional_request.js
92 silly gunzTarPerm extractEntry lib/plugins/cors.js
93 silly gunzTarPerm extractEntry lib/plugins/date.js
94 silly gunzTarPerm extractEntry lib/plugins/fielded_text_body_parser.js
95 silly gunzTarPerm extractEntry lib/plugins/bunyan.js
96 silly gunzTarPerm extractEntry lib/plugins/full_response.js
97 silly gunzTarPerm extractEntry lib/plugins/gzip.js
98 silly gunzTarPerm extractEntry lib/plugins/index.js
99 silly gunzTarPerm extractEntry lib/plugins/json_body_parser.js
100 silly gunzTarPerm extractEntry lib/plugins/jsonp.js
101 silly gunzTarPerm extractEntry lib/plugins/body_reader.js
102 silly gunzTarPerm extractEntry lib/plugins/multipart_parser.js
103 silly gunzTarPerm extractEntry lib/plugins/body_parser.js
104 silly gunzTarPerm extractEntry lib/plugins/static.js
105 silly gunzTarPerm extractEntry lib/plugins/authorization.js
106 silly gunzTarPerm extractEntry lib/plugins/query.js
107 silly gunzTarPerm extractEntry lib/plugins/audit.js
108 silly gunzTarPerm extractEntry lib/plugins/throttle.js
109 silly gunzTarPerm extractEntry lib/plugins/form_body_parser.js
110 silly gunzTarPerm extractEntry lib/plugins/pre/pause.js
111 silly gunzTarPerm extractEntry lib/plugins/pre/pre_path.js
112 silly gunzTarPerm extractEntry lib/plugins/pre/user_agent.js
113 silly lockFile fe3e3edd-ngoComments-node-modules-restify tar:///Users/shannonnagaoka/DevLeague/MongoComments/node_modules/restify
114 silly lockFile fe3e3edd-ngoComments-node-modules-restify tar:///Users/shannonnagaoka/DevLeague/MongoComments/node_modules/restify
115 silly lockFile 773dcae6-ka-npm-restify-2-8-1-package-tgz tar:///Users/shannonnagaoka/.npm/restify/2.8.1/package.tgz
116 silly lockFile 773dcae6-ka-npm-restify-2-8-1-package-tgz tar:///Users/shannonnagaoka/.npm/restify/2.8.1/package.tgz
117 info preinstall restify@2.8.1
118 verbose readDependencies using package.json deps
119 verbose readDependencies using package.json deps
120 verbose cache add [ 'assert-plus@0.1.5', null ]
121 verbose cache add spec="assert-plus@0.1.5" args=["assert-plus@0.1.5",null]
122 verbose cache add [ 'backoff@2.3.0', null ]
123 verbose cache add spec="backoff@2.3.0" args=["backoff@2.3.0",null]
124 verbose parsed spec { raw: 'assert-plus@0.1.5',
124 verbose parsed spec   scope: null,
124 verbose parsed spec   name: 'assert-plus',
124 verbose parsed spec   rawSpec: '0.1.5',
124 verbose parsed spec   spec: '0.1.5',
124 verbose parsed spec   type: 'version' }
125 verbose addNamed [ 'assert-plus', '0.1.5' ]
126 verbose addNamed [ '0.1.5', '0.1.5' ]
127 silly lockFile b8965882-assert-plus-0-1-5 assert-plus@0.1.5
128 verbose lock assert-plus@0.1.5 /Users/shannonnagaoka/.npm/b8965882-assert-plus-0-1-5.lock
129 verbose parsed spec { raw: 'backoff@2.3.0',
129 verbose parsed spec   scope: null,
129 verbose parsed spec   name: 'backoff',
129 verbose parsed spec   rawSpec: '2.3.0',
129 verbose parsed spec   spec: '2.3.0',
129 verbose parsed spec   type: 'version' }
130 verbose addNamed [ 'backoff', '2.3.0' ]
131 verbose addNamed [ '2.3.0', '2.3.0' ]
132 silly lockFile 2b9ce60b-backoff-2-3-0 backoff@2.3.0
133 verbose lock backoff@2.3.0 /Users/shannonnagaoka/.npm/2b9ce60b-backoff-2-3-0.lock
134 verbose cache add [ 'bunyan@0.22.1', null ]
135 verbose cache add spec="bunyan@0.22.1" args=["bunyan@0.22.1",null]
136 verbose cache add [ 'csv@0.3.7', null ]
137 verbose cache add spec="csv@0.3.7" args=["csv@0.3.7",null]
138 verbose parsed spec { raw: 'bunyan@0.22.1',
138 verbose parsed spec   scope: null,
138 verbose parsed spec   name: 'bunyan',
138 verbose parsed spec   rawSpec: '0.22.1',
138 verbose parsed spec   spec: '0.22.1',
138 verbose parsed spec   type: 'version' }
139 verbose addNamed [ 'bunyan', '0.22.1' ]
140 verbose addNamed [ '0.22.1', '0.22.1' ]
141 silly lockFile 5de20ed6-bunyan-0-22-1 bunyan@0.22.1
142 verbose lock bunyan@0.22.1 /Users/shannonnagaoka/.npm/5de20ed6-bunyan-0-22-1.lock
143 verbose parsed spec { raw: 'csv@0.3.7',
143 verbose parsed spec   scope: null,
143 verbose parsed spec   name: 'csv',
143 verbose parsed spec   rawSpec: '0.3.7',
143 verbose parsed spec   spec: '0.3.7',
143 verbose parsed spec   type: 'version' }
144 verbose addNamed [ 'csv', '0.3.7' ]
145 verbose addNamed [ '0.3.7', '0.3.7' ]
146 silly lockFile 90841f1c-csv-0-3-7 csv@0.3.7
147 verbose lock csv@0.3.7 /Users/shannonnagaoka/.npm/90841f1c-csv-0-3-7.lock
148 verbose cache add [ 'deep-equal@0.0.0', null ]
149 verbose cache add spec="deep-equal@0.0.0" args=["deep-equal@0.0.0",null]
150 verbose cache add [ 'escape-regexp-component@1.0.2', null ]
151 verbose cache add spec="escape-regexp-component@1.0.2" args=["escape-regexp-component@1.0.2",null]
152 verbose mapToRegistry name assert-plus
153 verbose mapToRegistry uri https://registry.npmjs.org/assert-plus
154 verbose mapToRegistry name backoff
155 verbose mapToRegistry uri https://registry.npmjs.org/backoff
156 verbose parsed spec { raw: 'deep-equal@0.0.0',
156 verbose parsed spec   scope: null,
156 verbose parsed spec   name: 'deep-equal',
156 verbose parsed spec   rawSpec: '0.0.0',
156 verbose parsed spec   spec: '0.0.0',
156 verbose parsed spec   type: 'version' }
157 verbose addNamed [ 'deep-equal', '0.0.0' ]
158 verbose addNamed [ '0.0.0', '0.0.0' ]
159 silly lockFile 52f78ead-deep-equal-0-0-0 deep-equal@0.0.0
160 verbose lock deep-equal@0.0.0 /Users/shannonnagaoka/.npm/52f78ead-deep-equal-0-0-0.lock
161 verbose cache add [ 'formidable@1.0.14', null ]
162 verbose cache add spec="formidable@1.0.14" args=["formidable@1.0.14",null]
163 verbose parsed spec { raw: 'escape-regexp-component@1.0.2',
163 verbose parsed spec   scope: null,
163 verbose parsed spec   name: 'escape-regexp-component',
163 verbose parsed spec   rawSpec: '1.0.2',
163 verbose parsed spec   spec: '1.0.2',
163 verbose parsed spec   type: 'version' }
164 verbose addNamed [ 'escape-regexp-component', '1.0.2' ]
165 verbose addNamed [ '1.0.2', '1.0.2' ]
166 silly lockFile fbab6ec4-escape-regexp-component-1-0-2 escape-regexp-component@1.0.2
167 verbose lock escape-regexp-component@1.0.2 /Users/shannonnagaoka/.npm/fbab6ec4-escape-regexp-component-1-0-2.lock
168 verbose request where is /assert-plus
169 verbose request registry https://registry.npmjs.org/
170 verbose request url raw /assert-plus
171 verbose request url resolving [ 'https://registry.npmjs.org/', './assert-plus' ]
172 verbose request url resolved https://registry.npmjs.org/assert-plus
173 verbose request where is https://registry.npmjs.org/assert-plus
174 verbose request no basic auth needed
175 info trying registry request attempt 1 at 21:39:00
176 http GET https://registry.npmjs.org/assert-plus
177 verbose request where is /backoff
178 verbose request registry https://registry.npmjs.org/
179 verbose request url raw /backoff
180 verbose request url resolving [ 'https://registry.npmjs.org/', './backoff' ]
181 verbose request url resolved https://registry.npmjs.org/backoff
182 verbose request where is https://registry.npmjs.org/backoff
183 verbose request no basic auth needed
184 info trying registry request attempt 1 at 21:39:00
185 http GET https://registry.npmjs.org/backoff
186 verbose mapToRegistry name bunyan
187 verbose mapToRegistry uri https://registry.npmjs.org/bunyan
188 verbose mapToRegistry name csv
189 verbose mapToRegistry uri https://registry.npmjs.org/csv
190 verbose parsed spec { raw: 'formidable@1.0.14',
190 verbose parsed spec   scope: null,
190 verbose parsed spec   name: 'formidable',
190 verbose parsed spec   rawSpec: '1.0.14',
190 verbose parsed spec   spec: '1.0.14',
190 verbose parsed spec   type: 'version' }
191 verbose addNamed [ 'formidable', '1.0.14' ]
192 verbose addNamed [ '1.0.14', '1.0.14' ]
193 silly lockFile 3f08b74a-formidable-1-0-14 formidable@1.0.14
194 verbose lock formidable@1.0.14 /Users/shannonnagaoka/.npm/3f08b74a-formidable-1-0-14.lock
195 verbose cache add [ 'http-signature@0.10.0', null ]
196 verbose cache add spec="http-signature@0.10.0" args=["http-signature@0.10.0",null]
197 verbose cache add [ 'keep-alive-agent@0.0.1', null ]
198 verbose cache add spec="keep-alive-agent@0.0.1" args=["keep-alive-agent@0.0.1",null]
199 verbose cache add [ 'lru-cache@2.3.1', null ]
200 verbose cache add spec="lru-cache@2.3.1" args=["lru-cache@2.3.1",null]
201 verbose cache add [ 'mime@1.2.11', null ]
202 verbose cache add spec="mime@1.2.11" args=["mime@1.2.11",null]
203 verbose cache add [ 'negotiator@0.3.0', null ]
204 verbose cache add spec="negotiator@0.3.0" args=["negotiator@0.3.0",null]
205 verbose cache add [ 'node-uuid@1.4.1', null ]
206 verbose cache add spec="node-uuid@1.4.1" args=["node-uuid@1.4.1",null]
207 verbose cache add [ 'once@1.3.0', null ]
208 verbose cache add spec="once@1.3.0" args=["once@1.3.0",null]
209 verbose cache add [ 'qs@0.6.6', null ]
210 verbose cache add spec="qs@0.6.6" args=["qs@0.6.6",null]
211 verbose request where is /bunyan
212 verbose request registry https://registry.npmjs.org/
213 verbose request url raw /bunyan
214 verbose request url resolving [ 'https://registry.npmjs.org/', './bunyan' ]
215 verbose request url resolved https://registry.npmjs.org/bunyan
216 verbose request where is https://registry.npmjs.org/bunyan
217 verbose request no basic auth needed
218 info trying registry request attempt 1 at 21:39:00
219 http GET https://registry.npmjs.org/bunyan
220 verbose request where is /csv
221 verbose request registry https://registry.npmjs.org/
222 verbose request url raw /csv
223 verbose request url resolving [ 'https://registry.npmjs.org/', './csv' ]
224 verbose request url resolved https://registry.npmjs.org/csv
225 verbose request where is https://registry.npmjs.org/csv
226 verbose request no basic auth needed
227 info trying registry request attempt 1 at 21:39:00
228 http GET https://registry.npmjs.org/csv
229 verbose mapToRegistry name deep-equal
230 verbose mapToRegistry uri https://registry.npmjs.org/deep-equal
231 verbose parsed spec { raw: 'http-signature@0.10.0',
231 verbose parsed spec   scope: null,
231 verbose parsed spec   name: 'http-signature',
231 verbose parsed spec   rawSpec: '0.10.0',
231 verbose parsed spec   spec: '0.10.0',
231 verbose parsed spec   type: 'version' }
232 verbose addNamed [ 'http-signature', '0.10.0' ]
233 verbose addNamed [ '0.10.0', '0.10.0' ]
234 silly lockFile f628681c-http-signature-0-10-0 http-signature@0.10.0
235 verbose lock http-signature@0.10.0 /Users/shannonnagaoka/.npm/f628681c-http-signature-0-10-0.lock
236 verbose parsed spec { raw: 'keep-alive-agent@0.0.1',
236 verbose parsed spec   scope: null,
236 verbose parsed spec   name: 'keep-alive-agent',
236 verbose parsed spec   rawSpec: '0.0.1',
236 verbose parsed spec   spec: '0.0.1',
236 verbose parsed spec   type: 'version' }
237 verbose addNamed [ 'keep-alive-agent', '0.0.1' ]
238 verbose addNamed [ '0.0.1', '0.0.1' ]
239 silly lockFile e4e26cf8-keep-alive-agent-0-0-1 keep-alive-agent@0.0.1
240 verbose lock keep-alive-agent@0.0.1 /Users/shannonnagaoka/.npm/e4e26cf8-keep-alive-agent-0-0-1.lock
241 verbose parsed spec { raw: 'lru-cache@2.3.1',
241 verbose parsed spec   scope: null,
241 verbose parsed spec   name: 'lru-cache',
241 verbose parsed spec   rawSpec: '2.3.1',
241 verbose parsed spec   spec: '2.3.1',
241 verbose parsed spec   type: 'version' }
242 verbose addNamed [ 'lru-cache', '2.3.1' ]
243 verbose addNamed [ '2.3.1', '2.3.1' ]
244 silly lockFile ef81ebb1-lru-cache-2-3-1 lru-cache@2.3.1
245 verbose lock lru-cache@2.3.1 /Users/shannonnagaoka/.npm/ef81ebb1-lru-cache-2-3-1.lock
246 verbose parsed spec { raw: 'mime@1.2.11',
246 verbose parsed spec   scope: null,
246 verbose parsed spec   name: 'mime',
246 verbose parsed spec   rawSpec: '1.2.11',
246 verbose parsed spec   spec: '1.2.11',
246 verbose parsed spec   type: 'version' }
247 verbose addNamed [ 'mime', '1.2.11' ]
248 verbose addNamed [ '1.2.11', '1.2.11' ]
249 silly lockFile c4b0741f-mime-1-2-11 mime@1.2.11
250 verbose lock mime@1.2.11 /Users/shannonnagaoka/.npm/c4b0741f-mime-1-2-11.lock
251 verbose parsed spec { raw: 'negotiator@0.3.0',
251 verbose parsed spec   scope: null,
251 verbose parsed spec   name: 'negotiator',
251 verbose parsed spec   rawSpec: '0.3.0',
251 verbose parsed spec   spec: '0.3.0',
251 verbose parsed spec   type: 'version' }
252 verbose addNamed [ 'negotiator', '0.3.0' ]
253 verbose addNamed [ '0.3.0', '0.3.0' ]
254 silly lockFile 9b6a949c-negotiator-0-3-0 negotiator@0.3.0
255 verbose lock negotiator@0.3.0 /Users/shannonnagaoka/.npm/9b6a949c-negotiator-0-3-0.lock
256 verbose parsed spec { raw: 'node-uuid@1.4.1',
256 verbose parsed spec   scope: null,
256 verbose parsed spec   name: 'node-uuid',
256 verbose parsed spec   rawSpec: '1.4.1',
256 verbose parsed spec   spec: '1.4.1',
256 verbose parsed spec   type: 'version' }
257 verbose addNamed [ 'node-uuid', '1.4.1' ]
258 verbose addNamed [ '1.4.1', '1.4.1' ]
259 silly lockFile 7c2028cd-node-uuid-1-4-1 node-uuid@1.4.1
260 verbose lock node-uuid@1.4.1 /Users/shannonnagaoka/.npm/7c2028cd-node-uuid-1-4-1.lock
261 verbose parsed spec { raw: 'once@1.3.0',
261 verbose parsed spec   scope: null,
261 verbose parsed spec   name: 'once',
261 verbose parsed spec   rawSpec: '1.3.0',
261 verbose parsed spec   spec: '1.3.0',
261 verbose parsed spec   type: 'version' }
262 verbose addNamed [ 'once', '1.3.0' ]
263 verbose addNamed [ '1.3.0', '1.3.0' ]
264 silly lockFile 13f9355b-once-1-3-0 once@1.3.0
265 verbose lock once@1.3.0 /Users/shannonnagaoka/.npm/13f9355b-once-1-3-0.lock
266 verbose parsed spec { raw: 'qs@0.6.6',
266 verbose parsed spec   scope: null,
266 verbose parsed spec   name: 'qs',
266 verbose parsed spec   rawSpec: '0.6.6',
266 verbose parsed spec   spec: '0.6.6',
266 verbose parsed spec   type: 'version' }
267 verbose addNamed [ 'qs', '0.6.6' ]
268 verbose addNamed [ '0.6.6', '0.6.6' ]
269 silly lockFile b8bccda2-qs-0-6-6 qs@0.6.6
270 verbose lock qs@0.6.6 /Users/shannonnagaoka/.npm/b8bccda2-qs-0-6-6.lock
271 verbose cache add [ 'semver@2.2.1', null ]
272 verbose cache add spec="semver@2.2.1" args=["semver@2.2.1",null]
273 verbose cache add [ 'spdy@1.19.3', null ]
274 verbose cache add spec="spdy@1.19.3" args=["spdy@1.19.3",null]
275 verbose cache add [ 'tunnel-agent@0.4.0', null ]
276 verbose cache add spec="tunnel-agent@0.4.0" args=["tunnel-agent@0.4.0",null]
277 verbose cache add [ 'verror@1.3.7', null ]
278 verbose cache add spec="verror@1.3.7" args=["verror@1.3.7",null]
279 verbose cache add [ 'dtrace-provider@0.2.8', null ]
280 verbose cache add spec="dtrace-provider@0.2.8" args=["dtrace-provider@0.2.8",null]
281 verbose mapToRegistry name escape-regexp-component
282 verbose mapToRegistry uri https://registry.npmjs.org/escape-regexp-component
283 verbose request where is /deep-equal
284 verbose request registry https://registry.npmjs.org/
285 verbose request url raw /deep-equal
286 verbose request url resolving [ 'https://registry.npmjs.org/', './deep-equal' ]
287 verbose request url resolved https://registry.npmjs.org/deep-equal
288 verbose request where is https://registry.npmjs.org/deep-equal
289 verbose request no basic auth needed
290 info trying registry request attempt 1 at 21:39:00
291 http GET https://registry.npmjs.org/deep-equal
292 verbose mapToRegistry name formidable
293 verbose mapToRegistry uri https://registry.npmjs.org/formidable
294 verbose parsed spec { raw: 'semver@2.2.1',
294 verbose parsed spec   scope: null,
294 verbose parsed spec   name: 'semver',
294 verbose parsed spec   rawSpec: '2.2.1',
294 verbose parsed spec   spec: '2.2.1',
294 verbose parsed spec   type: 'version' }
295 verbose addNamed [ 'semver', '2.2.1' ]
296 verbose addNamed [ '2.2.1', '2.2.1' ]
297 silly lockFile 609d7676-semver-2-2-1 semver@2.2.1
298 verbose lock semver@2.2.1 /Users/shannonnagaoka/.npm/609d7676-semver-2-2-1.lock
299 verbose parsed spec { raw: 'spdy@1.19.3',
299 verbose parsed spec   scope: null,
299 verbose parsed spec   name: 'spdy',
299 verbose parsed spec   rawSpec: '1.19.3',
299 verbose parsed spec   spec: '1.19.3',
299 verbose parsed spec   type: 'version' }
300 verbose addNamed [ 'spdy', '1.19.3' ]
301 verbose addNamed [ '1.19.3', '1.19.3' ]
302 silly lockFile c92e5b39-spdy-1-19-3 spdy@1.19.3
303 verbose lock spdy@1.19.3 /Users/shannonnagaoka/.npm/c92e5b39-spdy-1-19-3.lock
304 verbose parsed spec { raw: 'tunnel-agent@0.4.0',
304 verbose parsed spec   scope: null,
304 verbose parsed spec   name: 'tunnel-agent',
304 verbose parsed spec   rawSpec: '0.4.0',
304 verbose parsed spec   spec: '0.4.0',
304 verbose parsed spec   type: 'version' }
305 verbose addNamed [ 'tunnel-agent', '0.4.0' ]
306 verbose addNamed [ '0.4.0', '0.4.0' ]
307 silly lockFile d3ccfadd-tunnel-agent-0-4-0 tunnel-agent@0.4.0
308 verbose lock tunnel-agent@0.4.0 /Users/shannonnagaoka/.npm/d3ccfadd-tunnel-agent-0-4-0.lock
309 verbose parsed spec { raw: 'verror@1.3.7',
309 verbose parsed spec   scope: null,
309 verbose parsed spec   name: 'verror',
309 verbose parsed spec   rawSpec: '1.3.7',
309 verbose parsed spec   spec: '1.3.7',
309 verbose parsed spec   type: 'version' }
310 verbose addNamed [ 'verror', '1.3.7' ]
311 verbose addNamed [ '1.3.7', '1.3.7' ]
312 silly lockFile d3dbd472-verror-1-3-7 verror@1.3.7
313 verbose lock verror@1.3.7 /Users/shannonnagaoka/.npm/d3dbd472-verror-1-3-7.lock
314 verbose parsed spec { raw: 'dtrace-provider@0.2.8',
314 verbose parsed spec   scope: null,
314 verbose parsed spec   name: 'dtrace-provider',
314 verbose parsed spec   rawSpec: '0.2.8',
314 verbose parsed spec   spec: '0.2.8',
314 verbose parsed spec   type: 'version' }
315 verbose addNamed [ 'dtrace-provider', '0.2.8' ]
316 verbose addNamed [ '0.2.8', '0.2.8' ]
317 silly lockFile bba222c2-dtrace-provider-0-2-8 dtrace-provider@0.2.8
318 verbose lock dtrace-provider@0.2.8 /Users/shannonnagaoka/.npm/bba222c2-dtrace-provider-0-2-8.lock
319 verbose request where is /escape-regexp-component
320 verbose request registry https://registry.npmjs.org/
321 verbose request url raw /escape-regexp-component
322 verbose request url resolving [ 'https://registry.npmjs.org/', './escape-regexp-component' ]
323 verbose request url resolved https://registry.npmjs.org/escape-regexp-component
324 verbose request where is https://registry.npmjs.org/escape-regexp-component
325 verbose request no basic auth needed
326 info trying registry request attempt 1 at 21:39:00
327 http GET https://registry.npmjs.org/escape-regexp-component
328 verbose request where is /formidable
329 verbose request registry https://registry.npmjs.org/
330 verbose request url raw /formidable
331 verbose request url resolving [ 'https://registry.npmjs.org/', './formidable' ]
332 verbose request url resolved https://registry.npmjs.org/formidable
333 verbose request where is https://registry.npmjs.org/formidable
334 verbose request no basic auth needed
335 info trying registry request attempt 1 at 21:39:00
336 http GET https://registry.npmjs.org/formidable
337 verbose mapToRegistry name http-signature
338 verbose mapToRegistry uri https://registry.npmjs.org/http-signature
339 verbose mapToRegistry name keep-alive-agent
340 verbose mapToRegistry uri https://registry.npmjs.org/keep-alive-agent
341 verbose mapToRegistry name lru-cache
342 verbose mapToRegistry uri https://registry.npmjs.org/lru-cache
343 verbose mapToRegistry name mime
344 verbose mapToRegistry uri https://registry.npmjs.org/mime
345 verbose mapToRegistry name negotiator
346 verbose mapToRegistry uri https://registry.npmjs.org/negotiator
347 verbose mapToRegistry name node-uuid
348 verbose mapToRegistry uri https://registry.npmjs.org/node-uuid
349 verbose mapToRegistry name once
350 verbose mapToRegistry uri https://registry.npmjs.org/once
351 verbose mapToRegistry name qs
352 verbose mapToRegistry uri https://registry.npmjs.org/qs
353 verbose request where is /http-signature
354 verbose request registry https://registry.npmjs.org/
355 verbose request url raw /http-signature
356 verbose request url resolving [ 'https://registry.npmjs.org/', './http-signature' ]
357 verbose request url resolved https://registry.npmjs.org/http-signature
358 verbose request where is https://registry.npmjs.org/http-signature
359 verbose request no basic auth needed
360 info trying registry request attempt 1 at 21:39:00
361 http GET https://registry.npmjs.org/http-signature
362 verbose request where is /keep-alive-agent
363 verbose request registry https://registry.npmjs.org/
364 verbose request url raw /keep-alive-agent
365 verbose request url resolving [ 'https://registry.npmjs.org/', './keep-alive-agent' ]
366 verbose request url resolved https://registry.npmjs.org/keep-alive-agent
367 verbose request where is https://registry.npmjs.org/keep-alive-agent
368 verbose request no basic auth needed
369 info trying registry request attempt 1 at 21:39:00
370 http GET https://registry.npmjs.org/keep-alive-agent
371 verbose request where is /node-uuid
372 verbose request registry https://registry.npmjs.org/
373 verbose request url raw /node-uuid
374 verbose request url resolving [ 'https://registry.npmjs.org/', './node-uuid' ]
375 verbose request url resolved https://registry.npmjs.org/node-uuid
376 verbose request where is https://registry.npmjs.org/node-uuid
377 verbose request no basic auth needed
378 info trying registry request attempt 1 at 21:39:00
379 http GET https://registry.npmjs.org/node-uuid
380 verbose request where is /once
381 verbose request registry https://registry.npmjs.org/
382 verbose request url raw /once
383 verbose request url resolving [ 'https://registry.npmjs.org/', './once' ]
384 verbose request url resolved https://registry.npmjs.org/once
385 verbose request where is https://registry.npmjs.org/once
386 verbose request no basic auth needed
387 info trying registry request attempt 1 at 21:39:00
388 http GET https://registry.npmjs.org/once
389 verbose mapToRegistry name semver
390 verbose mapToRegistry uri https://registry.npmjs.org/semver
391 verbose mapToRegistry name spdy
392 verbose mapToRegistry uri https://registry.npmjs.org/spdy
393 verbose mapToRegistry name tunnel-agent
394 verbose mapToRegistry uri https://registry.npmjs.org/tunnel-agent
395 verbose mapToRegistry name verror
396 verbose mapToRegistry uri https://registry.npmjs.org/verror
397 verbose mapToRegistry name dtrace-provider
398 verbose mapToRegistry uri https://registry.npmjs.org/dtrace-provider
399 verbose request where is /semver
400 verbose request registry https://registry.npmjs.org/
401 verbose request url raw /semver
402 verbose request url resolving [ 'https://registry.npmjs.org/', './semver' ]
403 verbose request url resolved https://registry.npmjs.org/semver
404 verbose request where is https://registry.npmjs.org/semver
405 verbose request no basic auth needed
406 info trying registry request attempt 1 at 21:39:00
407 http GET https://registry.npmjs.org/semver
408 verbose request where is /spdy
409 verbose request registry https://registry.npmjs.org/
410 verbose request url raw /spdy
411 verbose request url resolving [ 'https://registry.npmjs.org/', './spdy' ]
412 verbose request url resolved https://registry.npmjs.org/spdy
413 verbose request where is https://registry.npmjs.org/spdy
414 verbose request no basic auth needed
415 info trying registry request attempt 1 at 21:39:00
416 http GET https://registry.npmjs.org/spdy
417 verbose request where is /tunnel-agent
418 verbose request registry https://registry.npmjs.org/
419 verbose request url raw /tunnel-agent
420 verbose request url resolving [ 'https://registry.npmjs.org/', './tunnel-agent' ]
421 verbose request url resolved https://registry.npmjs.org/tunnel-agent
422 verbose request where is https://registry.npmjs.org/tunnel-agent
423 verbose request no basic auth needed
424 info trying registry request attempt 1 at 21:39:00
425 http GET https://registry.npmjs.org/tunnel-agent
426 verbose request where is /verror
427 verbose request registry https://registry.npmjs.org/
428 verbose request url raw /verror
429 verbose request url resolving [ 'https://registry.npmjs.org/', './verror' ]
430 verbose request url resolved https://registry.npmjs.org/verror
431 verbose request where is https://registry.npmjs.org/verror
432 verbose request no basic auth needed
433 info trying registry request attempt 1 at 21:39:00
434 http GET https://registry.npmjs.org/verror
435 verbose request where is /dtrace-provider
436 verbose request registry https://registry.npmjs.org/
437 verbose request url raw /dtrace-provider
438 verbose request url resolving [ 'https://registry.npmjs.org/', './dtrace-provider' ]
439 verbose request url resolved https://registry.npmjs.org/dtrace-provider
440 verbose request where is https://registry.npmjs.org/dtrace-provider
441 verbose request no basic auth needed
442 info trying registry request attempt 1 at 21:39:00
443 http GET https://registry.npmjs.org/dtrace-provider
444 verbose request where is /lru-cache
445 verbose request registry https://registry.npmjs.org/
446 verbose request url raw /lru-cache
447 verbose request url resolving [ 'https://registry.npmjs.org/', './lru-cache' ]
448 verbose request url resolved https://registry.npmjs.org/lru-cache
449 verbose request where is https://registry.npmjs.org/lru-cache
450 verbose request no basic auth needed
451 info trying registry request attempt 1 at 21:39:00
452 verbose etag "3TDI572KYPEOWIB26QQMB5YZP"
453 http GET https://registry.npmjs.org/lru-cache
454 verbose request where is /mime
455 verbose request registry https://registry.npmjs.org/
456 verbose request url raw /mime
457 verbose request url resolving [ 'https://registry.npmjs.org/', './mime' ]
458 verbose request url resolved https://registry.npmjs.org/mime
459 verbose request where is https://registry.npmjs.org/mime
460 verbose request no basic auth needed
461 info trying registry request attempt 1 at 21:39:00
462 verbose etag "C2DX60G6JMEUYJ5310S13ANU6"
463 http GET https://registry.npmjs.org/mime
464 verbose request where is /negotiator
465 verbose request registry https://registry.npmjs.org/
466 verbose request url raw /negotiator
467 verbose request url resolving [ 'https://registry.npmjs.org/', './negotiator' ]
468 verbose request url resolved https://registry.npmjs.org/negotiator
469 verbose request where is https://registry.npmjs.org/negotiator
470 verbose request no basic auth needed
471 info trying registry request attempt 1 at 21:39:00
472 verbose etag "5EEDSYU0BJRWU3FBSQ1K1NDVE"
473 http GET https://registry.npmjs.org/negotiator
474 verbose request where is /qs
475 verbose request registry https://registry.npmjs.org/
476 verbose request url raw /qs
477 verbose request url resolving [ 'https://registry.npmjs.org/', './qs' ]
478 verbose request url resolved https://registry.npmjs.org/qs
479 verbose request where is https://registry.npmjs.org/qs
480 verbose request no basic auth needed
481 info trying registry request attempt 1 at 21:39:00
482 verbose etag "351Y95V7Y7T1LX8T0WOSXYHA4"
483 http GET https://registry.npmjs.org/qs
484 http 200 https://registry.npmjs.org/assert-plus
485 silly registry.get cb [ 200,
485 silly registry.get   { date: 'Thu, 17 Jul 2014 07:39:01 GMT',
485 silly registry.get     server: 'CouchDB/1.5.0 (Erlang OTP/R16B03)',
485 silly registry.get     etag: '"8QCRMJXYDLBEE50NNHNQATXZM"',
485 silly registry.get     'content-type': 'application/json',
485 silly registry.get     'cache-control': 'max-age=30',
485 silly registry.get     'content-length': '32476',
485 silly registry.get     'accept-ranges': 'bytes',
485 silly registry.get     via: '1.1 varnish',
485 silly registry.get     age: '68',
485 silly registry.get     'x-served-by': 'cache-ord1731-ORD',
485 silly registry.get     'x-cache': 'HIT',
485 silly registry.get     'x-cache-hits': '1',
485 silly registry.get     'x-timer': 'S1405582741.468690,VS0,VE0',
485 silly registry.get     vary: 'Accept',
485 silly registry.get     'keep-alive': 'timeout=10, max=50',
485 silly registry.get     connection: 'Keep-Alive' } ]
486 silly lockFile 8ab81813-ssert-plus-assert-plus-0-1-5-tgz https://registry.npmjs.org/assert-plus/-/assert-plus-0.1.5.tgz
487 verbose lock https://registry.npmjs.org/assert-plus/-/assert-plus-0.1.5.tgz /Users/shannonnagaoka/.npm/8ab81813-ssert-plus-assert-plus-0-1-5-tgz.lock
488 verbose addRemoteTarball [ 'https://registry.npmjs.org/assert-plus/-/assert-plus-0.1.5.tgz',
488 verbose addRemoteTarball   'ee74009413002d84cec7219c6ac811812e723160' ]
489 info retry fetch attempt 1 at 21:39:01
490 verbose fetch to= /var/folders/s0/bvwr0rys4m37k1n3cytgyp800000gn/T/npm-7592-Z6clYaaA/registry.npmjs.org/assert-plus/-/assert-plus-0.1.5.tgz
491 http GET https://registry.npmjs.org/assert-plus/-/assert-plus-0.1.5.tgz
492 http 200 https://registry.npmjs.org/backoff
493 silly registry.get cb [ 200,
493 silly registry.get   { date: 'Thu, 17 Jul 2014 07:39:01 GMT',
493 silly registry.get     server: 'CouchDB/1.5.0 (Erlang OTP/R16B03)',
493 silly registry.get     etag: '"AVMWT4KQU66GS0XLBQMAR9VFK"',
493 silly registry.get     'content-type': 'application/json',
493 silly registry.get     'cache-control': 'max-age=30',
493 silly registry.get     'content-length': '27161',
493 silly registry.get     'accept-ranges': 'bytes',
493 silly registry.get     via: '1.1 varnish',
493 silly registry.get     age: '1456',
493 silly registry.get     'x-served-by': 'cache-ord1721-ORD',
493 silly registry.get     'x-cache': 'MISS',
493 silly registry.get     'x-cache-hits': '0',
493 silly registry.get     'x-timer': 'S1405582741.467823,VS0,VE69',
493 silly registry.get     vary: 'Accept',
493 silly registry.get     'keep-alive': 'timeout=10, max=50',
493 silly registry.get     connection: 'Keep-Alive' } ]
494 silly lockFile 0aa11c21-js-org-backoff-backoff-2-3-0-tgz https://registry.npmjs.org/backoff/-/backoff-2.3.0.tgz
495 verbose lock https://registry.npmjs.org/backoff/-/backoff-2.3.0.tgz /Users/shannonnagaoka/.npm/0aa11c21-js-org-backoff-backoff-2-3-0-tgz.lock
496 verbose addRemoteTarball [ 'https://registry.npmjs.org/backoff/-/backoff-2.3.0.tgz',
496 verbose addRemoteTarball   'ee7c7e38093f92e472859db635e7652454fc21ea' ]
497 info retry fetch attempt 1 at 21:39:01
498 verbose fetch to= /var/folders/s0/bvwr0rys4m37k1n3cytgyp800000gn/T/npm-7592-Z6clYaaA/registry.npmjs.org/backoff/-/backoff-2.3.0.tgz
499 http GET https://registry.npmjs.org/backoff/-/backoff-2.3.0.tgz
500 http 200 https://registry.npmjs.org/deep-equal
501 silly registry.get cb [ 200,
501 silly registry.get   { date: 'Thu, 17 Jul 2014 07:39:01 GMT',
501 silly registry.get     server: 'CouchDB/1.5.0 (Erlang OTP/R16B03)',
501 silly registry.get     etag: '"CBGCGF2KTP74RJF66835N3WEZ"',
501 silly registry.get     'content-type': 'application/json',
501 silly registry.get     'cache-control': 'max-age=30',
501 silly registry.get     'content-length': '8517',
501 silly registry.get     'accept-ranges': 'bytes',
501 silly registry.get     via: '1.1 varnish',
501 silly registry.get     age: '990',
501 silly registry.get     'x-served-by': 'cache-ord1728-ORD',
501 silly registry.get     'x-cache': 'HIT',
501 silly registry.get     'x-cache-hits': '1',
501 silly registry.get     'x-timer': 'S1405582741.480971,VS0,VE292',
501 silly registry.get     vary: 'Accept',
501 silly registry.get     'keep-alive': 'timeout=10, max=50',
501 silly registry.get     connection: 'Keep-Alive' } ]
502 silly lockFile 68243780--deep-equal-deep-equal-0-0-0-tgz https://registry.npmjs.org/deep-equal/-/deep-equal-0.0.0.tgz
503 verbose lock https://registry.npmjs.org/deep-equal/-/deep-equal-0.0.0.tgz /Users/shannonnagaoka/.npm/68243780--deep-equal-deep-equal-0-0-0-tgz.lock
504 verbose addRemoteTarball [ 'https://registry.npmjs.org/deep-equal/-/deep-equal-0.0.0.tgz',
504 verbose addRemoteTarball   '99679d3bbd047156fcd450d3d01eeb9068691e83' ]
505 info retry fetch attempt 1 at 21:39:01
506 verbose fetch to= /var/folders/s0/bvwr0rys4m37k1n3cytgyp800000gn/T/npm-7592-Z6clYaaA/registry.npmjs.org/deep-equal/-/deep-equal-0.0.0.tgz
507 http GET https://registry.npmjs.org/deep-equal/-/deep-equal-0.0.0.tgz
508 http 200 https://registry.npmjs.org/escape-regexp-component
509 silly registry.get cb [ 200,
509 silly registry.get   { date: 'Thu, 17 Jul 2014 07:39:01 GMT',
509 silly registry.get     server: 'CouchDB/1.5.0 (Erlang OTP/R16B03)',
509 silly registry.get     etag: '"DTMKVRKN3DE2C3YDUKPIH13I3"',
509 silly registry.get     'content-type': 'application/json',
509 silly registry.get     'cache-control': 'max-age=30',
509 silly registry.get     'content-length': '1576',
509 silly registry.get     'accept-ranges': 'bytes',
509 silly registry.get     via: '1.1 varnish',
509 silly registry.get     age: '1456',
509 silly registry.get     'x-served-by': 'cache-ord1731-ORD',
509 silly registry.get     'x-cache': 'MISS',
509 silly registry.get     'x-cache-hits': '0',
509 silly registry.get     'x-timer': 'S1405582741.684860,VS0,VE110',
509 silly registry.get     vary: 'Accept',
509 silly registry.get     'keep-alive': 'timeout=10, max=49',
509 silly registry.get     connection: 'Keep-Alive' } ]
510 silly lockFile 153198d3-scape-regexp-component-1-0-2-tgz https://registry.npmjs.org/escape-regexp-component/-/escape-regexp-component-1.0.2.tgz
511 verbose lock https://registry.npmjs.org/escape-regexp-component/-/escape-regexp-component-1.0.2.tgz /Users/shannonnagaoka/.npm/153198d3-scape-regexp-component-1-0-2-tgz.lock
512 verbose addRemoteTarball [ 'https://registry.npmjs.org/escape-regexp-component/-/escape-regexp-component-1.0.2.tgz',
512 verbose addRemoteTarball   '9c63b6d0b25ff2a88c3adbd18c5b61acc3b9faa2' ]
513 info retry fetch attempt 1 at 21:39:01
514 verbose fetch to= /var/folders/s0/bvwr0rys4m37k1n3cytgyp800000gn/T/npm-7592-Z6clYaaA/registry.npmjs.org/escape-regexp-component/-/escape-regexp-component-1.0.2.tgz
515 http GET https://registry.npmjs.org/escape-regexp-component/-/escape-regexp-component-1.0.2.tgz
516 http 200 https://registry.npmjs.org/csv
517 silly registry.get cb [ 200,
517 silly registry.get   { date: 'Thu, 17 Jul 2014 07:39:01 GMT',
517 silly registry.get     server: 'CouchDB/1.5.0 (Erlang OTP/R16B03)',
517 silly registry.get     etag: '"DA0FQNJR43MD7PHHM1XD0QC1V"',
517 silly registry.get     'content-type': 'application/json',
517 silly registry.get     'cache-control': 'max-age=30',
517 silly registry.get     'content-length': '53684',
517 silly registry.get     'accept-ranges': 'bytes',
517 silly registry.get     via: '1.1 varnish',
517 silly registry.get     age: '1487',
517 silly registry.get     'x-served-by': 'cache-ord1721-ORD',
517 silly registry.get     'x-cache': 'MISS',
517 silly registry.get     'x-cache-hits': '0',
517 silly registry.get     'x-timer': 'S1405582741.463101,VS0,VE292',
517 silly registry.get     vary: 'Accept',
517 silly registry.get     'keep-alive': 'timeout=10, max=50',
517 silly registry.get     connection: 'Keep-Alive' } ]
518 silly lockFile 598e85b3-stry-npmjs-org-csv-csv-0-3-7-tgz https://registry.npmjs.org/csv/-/csv-0.3.7.tgz
519 verbose lock https://registry.npmjs.org/csv/-/csv-0.3.7.tgz /Users/shannonnagaoka/.npm/598e85b3-stry-npmjs-org-csv-csv-0-3-7-tgz.lock
520 verbose addRemoteTarball [ 'https://registry.npmjs.org/csv/-/csv-0.3.7.tgz',
520 verbose addRemoteTarball   'a4f8a363f0072cd155181e6bb49bd58e5497b31c' ]
521 info retry fetch attempt 1 at 21:39:01
522 verbose fetch to= /var/folders/s0/bvwr0rys4m37k1n3cytgyp800000gn/T/npm-7592-Z6clYaaA/registry.npmjs.org/csv/-/csv-0.3.7.tgz
523 http GET https://registry.npmjs.org/csv/-/csv-0.3.7.tgz
524 http 200 https://registry.npmjs.org/http-signature
525 silly registry.get cb [ 200,
525 silly registry.get   { date: 'Thu, 17 Jul 2014 07:39:01 GMT',
525 silly registry.get     server: 'CouchDB/1.5.0 (Erlang OTP/R16B03)',
525 silly registry.get     etag: '"3LD4VFP3WRB2PYQ6G6M9SDPSV"',
525 silly registry.get     'content-type': 'application/json',
525 silly registry.get     'cache-control': 'max-age=30',
525 silly registry.get     'content-length': '23749',
525 silly registry.get     'accept-ranges': 'bytes',
525 silly registry.get     via: '1.1 varnish',
525 silly registry.get     age: '3861',
525 silly registry.get     'x-served-by': 'cache-ord1728-ORD',
525 silly registry.get     'x-cache': 'HIT',
525 silly registry.get     'x-cache-hits': '217',
525 silly registry.get     'x-timer': 'S1405582741.882593,VS0,VE0',
525 silly registry.get     vary: 'Accept',
525 silly registry.get     'keep-alive': 'timeout=10, max=49',
525 silly registry.get     connection: 'Keep-Alive' } ]
526 silly lockFile 7a0e471e-nature-http-signature-0-10-0-tgz https://registry.npmjs.org/http-signature/-/http-signature-0.10.0.tgz
527 verbose lock https://registry.npmjs.org/http-signature/-/http-signature-0.10.0.tgz /Users/shannonnagaoka/.npm/7a0e471e-nature-http-signature-0-10-0-tgz.lock
528 verbose addRemoteTarball [ 'https://registry.npmjs.org/http-signature/-/http-signature-0.10.0.tgz',
528 verbose addRemoteTarball   '1494e4f5000a83c0f11bcc12d6007c530cb99582' ]
529 info retry fetch attempt 1 at 21:39:01
530 verbose fetch to= /var/folders/s0/bvwr0rys4m37k1n3cytgyp800000gn/T/npm-7592-Z6clYaaA/registry.npmjs.org/http-signature/-/http-signature-0.10.0.tgz
531 http GET https://registry.npmjs.org/http-signature/-/http-signature-0.10.0.tgz
532 http 200 https://registry.npmjs.org/assert-plus/-/assert-plus-0.1.5.tgz
533 silly lockFile 8ab81813-ssert-plus-assert-plus-0-1-5-tgz https://registry.npmjs.org/assert-plus/-/assert-plus-0.1.5.tgz
534 silly lockFile 8ab81813-ssert-plus-assert-plus-0-1-5-tgz https://registry.npmjs.org/assert-plus/-/assert-plus-0.1.5.tgz
535 silly lockFile b8965882-assert-plus-0-1-5 assert-plus@0.1.5
536 silly lockFile b8965882-assert-plus-0-1-5 assert-plus@0.1.5
537 http 200 https://registry.npmjs.org/formidable
538 silly registry.get cb [ 200,
538 silly registry.get   { date: 'Thu, 17 Jul 2014 07:39:01 GMT',
538 silly registry.get     server: 'CouchDB/1.5.0 (Erlang OTP/R14B04)',
538 silly registry.get     etag: '"2Z7DOTH5SUGDK0IIFGFUZ10FX"',
538 silly registry.get     'content-type': 'application/json',
538 silly registry.get     'cache-control': 'max-age=30',
538 silly registry.get     'content-length': '37552',
538 silly registry.get     'accept-ranges': 'bytes',
538 silly registry.get     via: '1.1 varnish',
538 silly registry.get     age: '2430',
538 silly registry.get     'x-served-by': 'cache-ord1721-ORD',
538 silly registry.get     'x-cache': 'HIT',
538 silly registry.get     'x-cache-hits': '1',
538 silly registry.get     'x-timer': 'S1405582741.773006,VS0,VE198',
538 silly registry.get     vary: 'Accept',
538 silly registry.get     'keep-alive': 'timeout=10, max=49',
538 silly registry.get     connection: 'Keep-Alive' } ]
539 silly lockFile d5dd65bf-formidable-formidable-1-0-14-tgz https://registry.npmjs.org/formidable/-/formidable-1.0.14.tgz
540 verbose lock https://registry.npmjs.org/formidable/-/formidable-1.0.14.tgz /Users/shannonnagaoka/.npm/d5dd65bf-formidable-formidable-1-0-14-tgz.lock
541 verbose addRemoteTarball [ 'https://registry.npmjs.org/formidable/-/formidable-1.0.14.tgz',
541 verbose addRemoteTarball   '2b3f4c411cbb5fdd695c44843e2a23514a43231a' ]
542 info retry fetch attempt 1 at 21:39:01
543 verbose fetch to= /var/folders/s0/bvwr0rys4m37k1n3cytgyp800000gn/T/npm-7592-Z6clYaaA/registry.npmjs.org/formidable/-/formidable-1.0.14.tgz
544 http GET https://registry.npmjs.org/formidable/-/formidable-1.0.14.tgz
545 http 200 https://registry.npmjs.org/backoff/-/backoff-2.3.0.tgz
546 http 200 https://registry.npmjs.org/http-signature/-/http-signature-0.10.0.tgz
547 silly lockFile 7a0e471e-nature-http-signature-0-10-0-tgz https://registry.npmjs.org/http-signature/-/http-signature-0.10.0.tgz
548 silly lockFile 7a0e471e-nature-http-signature-0-10-0-tgz https://registry.npmjs.org/http-signature/-/http-signature-0.10.0.tgz
549 silly lockFile f628681c-http-signature-0-10-0 http-signature@0.10.0
550 silly lockFile f628681c-http-signature-0-10-0 http-signature@0.10.0
551 http 200 https://registry.npmjs.org/once
552 silly registry.get cb [ 200,
552 silly registry.get   { date: 'Thu, 17 Jul 2014 07:39:02 GMT',
552 silly registry.get     server: 'CouchDB/1.5.0 (Erlang OTP/R14B04)',
552 silly registry.get     etag: '"A2LP3V15AL8FT43KDVW6CZQD3"',
552 silly registry.get     'content-type': 'application/json',
552 silly registry.get     'cache-control': 'max-age=30',
552 silly registry.get     'content-length': '6717',
552 silly registry.get     'accept-ranges': 'bytes',
552 silly registry.get     via: '1.1 varnish',
552 silly registry.get     age: '749',
552 silly registry.get     'x-served-by': 'cache-ord1728-ORD',
552 silly registry.get     'x-cache': 'HIT',
552 silly registry.get     'x-cache-hits': '1',
552 silly registry.get     'x-timer': 'S1405582742.110779,VS0,VE67',
552 silly registry.get     vary: 'Accept',
552 silly registry.get     'keep-alive': 'timeout=10, max=48',
552 silly registry.get     connection: 'Keep-Alive' } ]
553 silly lockFile 4e96edc4-ry-npmjs-org-once-once-1-3-0-tgz https://registry.npmjs.org/once/-/once-1.3.0.tgz
554 verbose lock https://registry.npmjs.org/once/-/once-1.3.0.tgz /Users/shannonnagaoka/.npm/4e96edc4-ry-npmjs-org-once-once-1-3-0-tgz.lock
555 verbose addRemoteTarball [ 'https://registry.npmjs.org/once/-/once-1.3.0.tgz',
555 verbose addRemoteTarball   '151af86bfc1f08c4b9f07d06ab250ffcbeb56581' ]
556 info retry fetch attempt 1 at 21:39:01
557 verbose fetch to= /var/folders/s0/bvwr0rys4m37k1n3cytgyp800000gn/T/npm-7592-Z6clYaaA/registry.npmjs.org/once/-/once-1.3.0.tgz
558 http GET https://registry.npmjs.org/once/-/once-1.3.0.tgz
559 http 200 https://registry.npmjs.org/keep-alive-agent
560 silly registry.get cb [ 200,
560 silly registry.get   { date: 'Thu, 17 Jul 2014 07:39:02 GMT',
560 silly registry.get     server: 'CouchDB/1.5.0 (Erlang OTP/R16B03)',
560 silly registry.get     etag: '"905X99VTZN5S28WO93X99A6SK"',
560 silly registry.get     'content-type': 'application/json',
560 silly registry.get     'cache-control': 'max-age=30',
560 silly registry.get     'content-length': '6112',
560 silly registry.get     'accept-ranges': 'bytes',
560 silly registry.get     via: '1.1 varnish',
560 silly registry.get     age: '1457',
560 silly registry.get     'x-served-by': 'cache-ord1731-ORD',
560 silly registry.get     'x-cache': 'MISS',
560 silly registry.get     'x-cache-hits': '0',
560 silly registry.get     'x-timer': 'S1405582741.905085,VS0,VE293',
560 silly registry.get     vary: 'Accept',
560 silly registry.get     'keep-alive': 'timeout=10, max=48',
560 silly registry.get     connection: 'Keep-Alive' } ]
561 silly lockFile c3da0e27-agent-keep-alive-agent-0-0-1-tgz https://registry.npmjs.org/keep-alive-agent/-/keep-alive-agent-0.0.1.tgz
562 verbose lock https://registry.npmjs.org/keep-alive-agent/-/keep-alive-agent-0.0.1.tgz /Users/shannonnagaoka/.npm/c3da0e27-agent-keep-alive-agent-0-0-1-tgz.lock
563 verbose addRemoteTarball [ 'https://registry.npmjs.org/keep-alive-agent/-/keep-alive-agent-0.0.1.tgz',
563 verbose addRemoteTarball   '44847ca394ce8d6b521ae85816bd64509942b385' ]
564 info retry fetch attempt 1 at 21:39:01
565 verbose fetch to= /var/folders/s0/bvwr0rys4m37k1n3cytgyp800000gn/T/npm-7592-Z6clYaaA/registry.npmjs.org/keep-alive-agent/-/keep-alive-agent-0.0.1.tgz
566 http GET https://registry.npmjs.org/keep-alive-agent/-/keep-alive-agent-0.0.1.tgz
567 http 200 https://registry.npmjs.org/node-uuid
568 silly registry.get cb [ 200,
568 silly registry.get   { date: 'Thu, 17 Jul 2014 07:39:02 GMT',
568 silly registry.get     server: 'CouchDB/1.5.0 (Erlang OTP/R16B03)',
568 silly registry.get     etag: '"69AA4PC5Z19X0A896LOOQ2VUO"',
568 silly registry.get     'content-type': 'application/json',
568 silly registry.get     'cache-control': 'max-age=30',
568 silly registry.get     'content-length': '30633',
568 silly registry.get     'accept-ranges': 'bytes',
568 silly registry.get     via: '1.1 varnish',
568 silly registry.get     age: '985',
568 silly registry.get     'x-served-by': 'cache-ord1721-ORD',
568 silly registry.get     'x-cache': 'HIT',
568 silly registry.get     'x-cache-hits': '2',
568 silly registry.get     'x-timer': 'S1405582742.103400,VS0,VE0',
568 silly registry.get     vary: 'Accept',
568 silly registry.get     'keep-alive': 'timeout=10, max=49',
568 silly registry.get     connection: 'Keep-Alive' } ]
569 silly lockFile 1287aac8-rg-node-uuid-node-uuid-1-4-1-tgz https://registry.npmjs.org/node-uuid/-/node-uuid-1.4.1.tgz
570 verbose lock https://registry.npmjs.org/node-uuid/-/node-uuid-1.4.1.tgz /Users/shannonnagaoka/.npm/1287aac8-rg-node-uuid-node-uuid-1-4-1-tgz.lock
571 verbose addRemoteTarball [ 'https://registry.npmjs.org/node-uuid/-/node-uuid-1.4.1.tgz',
571 verbose addRemoteTarball   '39aef510e5889a3dca9c895b506c73aae1bac048' ]
572 info retry fetch attempt 1 at 21:39:01
573 verbose fetch to= /var/folders/s0/bvwr0rys4m37k1n3cytgyp800000gn/T/npm-7592-Z6clYaaA/registry.npmjs.org/node-uuid/-/node-uuid-1.4.1.tgz
574 http GET https://registry.npmjs.org/node-uuid/-/node-uuid-1.4.1.tgz
575 http 200 https://registry.npmjs.org/deep-equal/-/deep-equal-0.0.0.tgz
576 silly lockFile 68243780--deep-equal-deep-equal-0-0-0-tgz https://registry.npmjs.org/deep-equal/-/deep-equal-0.0.0.tgz
577 silly lockFile 68243780--deep-equal-deep-equal-0-0-0-tgz https://registry.npmjs.org/deep-equal/-/deep-equal-0.0.0.tgz
578 silly lockFile 52f78ead-deep-equal-0-0-0 deep-equal@0.0.0
579 silly lockFile 52f78ead-deep-equal-0-0-0 deep-equal@0.0.0
580 http 200 https://registry.npmjs.org/escape-regexp-component/-/escape-regexp-component-1.0.2.tgz
581 http 200 https://registry.npmjs.org/bunyan
582 silly registry.get cb [ 200,
582 silly registry.get   { date: 'Thu, 17 Jul 2014 07:39:01 GMT',
582 silly registry.get     server: 'CouchDB/1.5.0 (Erlang OTP/R14B04)',
582 silly registry.get     etag: '"2W9IH81BHRJSUF95K9N8LNDKC"',
582 silly registry.get     'content-type': 'application/json',
582 silly registry.get     'cache-control': 'max-age=30',
582 silly registry.get     'content-length': '120044',
582 silly registry.get     'accept-ranges': 'bytes',
582 silly registry.get     via: '1.1 varnish',
582 silly registry.get     age: '1720',
582 silly registry.get     'x-served-by': 'cache-ord1725-ORD',
582 silly registry.get     'x-cache': 'MISS',
582 silly registry.get     'x-cache-hits': '0',
582 silly registry.get     'x-timer': 'S1405582741.476484,VS0,VE302',
582 silly registry.get     vary: 'Accept',
582 silly registry.get     'keep-alive': 'timeout=10, max=50',
582 silly registry.get     connection: 'Keep-Alive' } ]
583 http 200 https://registry.npmjs.org/formidable/-/formidable-1.0.14.tgz
584 silly lockFile 2965cf1f-mjs-org-bunyan-bunyan-0-22-1-tgz https://registry.npmjs.org/bunyan/-/bunyan-0.22.1.tgz
585 verbose lock https://registry.npmjs.org/bunyan/-/bunyan-0.22.1.tgz /Users/shannonnagaoka/.npm/2965cf1f-mjs-org-bunyan-bunyan-0-22-1-tgz.lock
586 verbose addRemoteTarball [ 'https://registry.npmjs.org/bunyan/-/bunyan-0.22.1.tgz',
586 verbose addRemoteTarball   '020c383bed625af5c6c8834dd8c4aca0dd0f765c' ]
587 info retry fetch attempt 1 at 21:39:01
588 verbose fetch to= /var/folders/s0/bvwr0rys4m37k1n3cytgyp800000gn/T/npm-7592-Z6clYaaA/registry.npmjs.org/bunyan/-/bunyan-0.22.1.tgz
589 http GET https://registry.npmjs.org/bunyan/-/bunyan-0.22.1.tgz
590 silly lockFile 153198d3-scape-regexp-component-1-0-2-tgz https://registry.npmjs.org/escape-regexp-component/-/escape-regexp-component-1.0.2.tgz
591 silly lockFile 153198d3-scape-regexp-component-1-0-2-tgz https://registry.npmjs.org/escape-regexp-component/-/escape-regexp-component-1.0.2.tgz
592 silly lockFile fbab6ec4-escape-regexp-component-1-0-2 escape-regexp-component@1.0.2
593 silly lockFile fbab6ec4-escape-regexp-component-1-0-2 escape-regexp-component@1.0.2
594 http 200 https://registry.npmjs.org/semver
595 silly registry.get cb [ 200,
595 silly registry.get   { date: 'Thu, 17 Jul 2014 07:39:02 GMT',
595 silly registry.get     server: 'CouchDB/1.5.0 (Erlang OTP/R16B03)',
595 silly registry.get     etag: '"1QYLL0EPRWSQVA9ZZQ4SQYHKN"',
595 silly registry.get     'content-type': 'application/json',
595 silly registry.get     'cache-control': 'max-age=30',
595 silly registry.get     'content-length': '38212',
595 silly registry.get     'accept-ranges': 'bytes',
595 silly registry.get     via: '1.1 varnish',
595 silly registry.get     age: '3010',
595 silly registry.get     'x-served-by': 'cache-ord1721-ORD',
595 silly registry.get     'x-cache': 'HIT',
595 silly registry.get     'x-cache-hits': '2',
595 silly registry.get     'x-timer': 'S1405582742.196150,VS0,VE0',
595 silly registry.get     vary: 'Accept',
595 silly registry.get     'keep-alive': 'timeout=10, max=48',
595 silly registry.get     connection: 'Keep-Alive' } ]
596 http 200 https://registry.npmjs.org/tunnel-agent
597 silly registry.get cb [ 200,
597 silly registry.get   { date: 'Thu, 17 Jul 2014 07:39:02 GMT',
597 silly registry.get     server: 'CouchDB/1.5.0 (Erlang OTP/R14B04)',
597 silly registry.get     etag: '"8H7EMV3ZRS0R7SH3ZLXNFUROZ"',
597 silly registry.get     'content-type': 'application/json',
597 silly registry.get     'cache-control': 'max-age=30',
597 silly registry.get     'content-length': '3332',
597 silly registry.get     'accept-ranges': 'bytes',
597 silly registry.get     via: '1.1 varnish',
597 silly registry.get     age: '215',
597 silly registry.get     'x-served-by': 'cache-ord1731-ORD',
597 silly registry.get     'x-cache': 'HIT',
597 silly registry.get     'x-cache-hits': '15',
597 silly registry.get     'x-timer': 'S1405582742.309282,VS0,VE0',
597 silly registry.get     vary: 'Accept',
597 silly registry.get     'keep-alive': 'timeout=10, max=47',
597 silly registry.get     connection: 'Keep-Alive' } ]
598 silly lockFile 680ef23e-nel-agent-tunnel-agent-0-4-0-tgz https://registry.npmjs.org/tunnel-agent/-/tunnel-agent-0.4.0.tgz
599 verbose lock https://registry.npmjs.org/tunnel-agent/-/tunnel-agent-0.4.0.tgz /Users/shannonnagaoka/.npm/680ef23e-nel-agent-tunnel-agent-0-4-0-tgz.lock
600 silly lockFile e8fcf475-pmjs-org-semver-semver-2-2-1-tgz https://registry.npmjs.org/semver/-/semver-2.2.1.tgz
601 verbose lock https://registry.npmjs.org/semver/-/semver-2.2.1.tgz /Users/shannonnagaoka/.npm/e8fcf475-pmjs-org-semver-semver-2-2-1-tgz.lock
602 verbose addRemoteTarball [ 'https://registry.npmjs.org/tunnel-agent/-/tunnel-agent-0.4.0.tgz',
602 verbose addRemoteTarball   'b1184e312ffbcf70b3b4c78e8c219de7ebb1c550' ]
603 verbose addRemoteTarball [ 'https://registry.npmjs.org/semver/-/semver-2.2.1.tgz',
603 verbose addRemoteTarball   '7941182b3ffcc580bff1c17942acdf7951c0d213' ]
604 info retry fetch attempt 1 at 21:39:01
605 verbose fetch to= /var/folders/s0/bvwr0rys4m37k1n3cytgyp800000gn/T/npm-7592-Z6clYaaA/registry.npmjs.org/tunnel-agent/-/tunnel-agent-0.4.0.tgz
606 info retry fetch attempt 1 at 21:39:01
607 verbose fetch to= /var/folders/s0/bvwr0rys4m37k1n3cytgyp800000gn/T/npm-7592-Z6clYaaA/registry.npmjs.org/semver/-/semver-2.2.1.tgz
608 http GET https://registry.npmjs.org/tunnel-agent/-/tunnel-agent-0.4.0.tgz
609 http GET https://registry.npmjs.org/semver/-/semver-2.2.1.tgz
610 http 200 https://registry.npmjs.org/once/-/once-1.3.0.tgz
611 silly lockFile 4e96edc4-ry-npmjs-org-once-once-1-3-0-tgz https://registry.npmjs.org/once/-/once-1.3.0.tgz
612 silly lockFile 4e96edc4-ry-npmjs-org-once-once-1-3-0-tgz https://registry.npmjs.org/once/-/once-1.3.0.tgz
613 silly lockFile 13f9355b-once-1-3-0 once@1.3.0
614 silly lockFile 13f9355b-once-1-3-0 once@1.3.0
615 http 200 https://registry.npmjs.org/keep-alive-agent/-/keep-alive-agent-0.0.1.tgz
616 silly lockFile c3da0e27-agent-keep-alive-agent-0-0-1-tgz https://registry.npmjs.org/keep-alive-agent/-/keep-alive-agent-0.0.1.tgz
617 silly lockFile c3da0e27-agent-keep-alive-agent-0-0-1-tgz https://registry.npmjs.org/keep-alive-agent/-/keep-alive-agent-0.0.1.tgz
618 silly lockFile e4e26cf8-keep-alive-agent-0-0-1 keep-alive-agent@0.0.1
619 silly lockFile e4e26cf8-keep-alive-agent-0-0-1 keep-alive-agent@0.0.1
620 silly lockFile d5dd65bf-formidable-formidable-1-0-14-tgz https://registry.npmjs.org/formidable/-/formidable-1.0.14.tgz
621 silly lockFile d5dd65bf-formidable-formidable-1-0-14-tgz https://registry.npmjs.org/formidable/-/formidable-1.0.14.tgz
622 silly lockFile 3f08b74a-formidable-1-0-14 formidable@1.0.14
623 silly lockFile 3f08b74a-formidable-1-0-14 formidable@1.0.14
624 silly lockFile 0aa11c21-js-org-backoff-backoff-2-3-0-tgz https://registry.npmjs.org/backoff/-/backoff-2.3.0.tgz
625 silly lockFile 0aa11c21-js-org-backoff-backoff-2-3-0-tgz https://registry.npmjs.org/backoff/-/backoff-2.3.0.tgz
626 silly lockFile 2b9ce60b-backoff-2-3-0 backoff@2.3.0
627 silly lockFile 2b9ce60b-backoff-2-3-0 backoff@2.3.0
628 http 304 https://registry.npmjs.org/lru-cache
629 silly registry.get cb [ 304,
629 silly registry.get   { date: 'Thu, 17 Jul 2014 07:39:02 GMT',
629 silly registry.get     server: 'Apache',
629 silly registry.get     via: '1.1 varnish',
629 silly registry.get     'last-modified': 'Thu, 17 Jul 2014 07:39:02 GMT',
629 silly registry.get     'cache-control': 'max-age=30',
629 silly registry.get     etag: '"3TDI572KYPEOWIB26QQMB5YZP"',
629 silly registry.get     'x-served-by': 'cache-ord1721-ORD',
629 silly registry.get     'x-cache': 'HIT',
629 silly registry.get     'x-cache-hits': '1',
629 silly registry.get     'x-timer': 'S1405582742.417358,VS0,VE0',
629 silly registry.get     vary: 'Accept',
629 silly registry.get     'content-length': '0',
629 silly registry.get     'keep-alive': 'timeout=10, max=47',
629 silly registry.get     connection: 'Keep-Alive' } ]
630 verbose etag https://registry.npmjs.org/lru-cache from cache
631 silly lockFile c3a34ceb-rg-lru-cache-lru-cache-2-3-1-tgz https://registry.npmjs.org/lru-cache/-/lru-cache-2.3.1.tgz
632 verbose lock https://registry.npmjs.org/lru-cache/-/lru-cache-2.3.1.tgz /Users/shannonnagaoka/.npm/c3a34ceb-rg-lru-cache-lru-cache-2-3-1-tgz.lock
633 verbose addRemoteTarball [ 'https://registry.npmjs.org/lru-cache/-/lru-cache-2.3.1.tgz',
633 verbose addRemoteTarball   'b3adf6b3d856e954e2c390e6cef22081245a53d6' ]
634 info retry fetch attempt 1 at 21:39:01
635 verbose fetch to= /var/folders/s0/bvwr0rys4m37k1n3cytgyp800000gn/T/npm-7592-Z6clYaaA/registry.npmjs.org/lru-cache/-/lru-cache-2.3.1.tgz
636 http GET https://registry.npmjs.org/lru-cache/-/lru-cache-2.3.1.tgz
637 http 200 https://registry.npmjs.org/node-uuid/-/node-uuid-1.4.1.tgz
638 http 200 https://registry.npmjs.org/csv/-/csv-0.3.7.tgz
639 http 200 https://registry.npmjs.org/bunyan/-/bunyan-0.22.1.tgz
640 http 200 https://registry.npmjs.org/tunnel-agent/-/tunnel-agent-0.4.0.tgz
641 http 200 https://registry.npmjs.org/semver/-/semver-2.2.1.tgz
642 silly lockFile 680ef23e-nel-agent-tunnel-agent-0-4-0-tgz https://registry.npmjs.org/tunnel-agent/-/tunnel-agent-0.4.0.tgz
643 silly lockFile 680ef23e-nel-agent-tunnel-agent-0-4-0-tgz https://registry.npmjs.org/tunnel-agent/-/tunnel-agent-0.4.0.tgz
644 silly lockFile d3ccfadd-tunnel-agent-0-4-0 tunnel-agent@0.4.0
645 silly lockFile d3ccfadd-tunnel-agent-0-4-0 tunnel-agent@0.4.0
646 silly lockFile 1287aac8-rg-node-uuid-node-uuid-1-4-1-tgz https://registry.npmjs.org/node-uuid/-/node-uuid-1.4.1.tgz
647 silly lockFile 1287aac8-rg-node-uuid-node-uuid-1-4-1-tgz https://registry.npmjs.org/node-uuid/-/node-uuid-1.4.1.tgz
648 silly lockFile 7c2028cd-node-uuid-1-4-1 node-uuid@1.4.1
649 silly lockFile 7c2028cd-node-uuid-1-4-1 node-uuid@1.4.1
650 http 304 https://registry.npmjs.org/negotiator
651 silly registry.get cb [ 304,
651 silly registry.get   { date: 'Thu, 17 Jul 2014 07:39:02 GMT',
651 silly registry.get     server: 'Apache',
651 silly registry.get     via: '1.1 varnish',
651 silly registry.get     'last-modified': 'Thu, 17 Jul 2014 07:39:02 GMT',
651 silly registry.get     'cache-control': 'max-age=30',
651 silly registry.get     etag: '"5EEDSYU0BJRWU3FBSQ1K1NDVE"',
651 silly registry.get     'x-served-by': 'cache-ord1721-ORD',
651 silly registry.get     'x-cache': 'HIT',
651 silly registry.get     'x-cache-hits': '1',
651 silly registry.get     'x-timer': 'S1405582742.525515,VS0,VE68',
651 silly registry.get     vary: 'Accept',
651 silly registry.get     'content-length': '0',
651 silly registry.get     'keep-alive': 'timeout=10, max=46',
651 silly registry.get     connection: 'Keep-Alive' } ]
652 verbose etag https://registry.npmjs.org/negotiator from cache
653 silly lockFile 9b6a949c-negotiator-0-3-0 negotiator@0.3.0
654 silly lockFile 9b6a949c-negotiator-0-3-0 negotiator@0.3.0
655 http 200 https://registry.npmjs.org/lru-cache/-/lru-cache-2.3.1.tgz
656 silly lockFile c3a34ceb-rg-lru-cache-lru-cache-2-3-1-tgz https://registry.npmjs.org/lru-cache/-/lru-cache-2.3.1.tgz
657 silly lockFile c3a34ceb-rg-lru-cache-lru-cache-2-3-1-tgz https://registry.npmjs.org/lru-cache/-/lru-cache-2.3.1.tgz
658 silly lockFile ef81ebb1-lru-cache-2-3-1 lru-cache@2.3.1
659 silly lockFile ef81ebb1-lru-cache-2-3-1 lru-cache@2.3.1
660 verbose about to build /Users/shannonnagaoka/DevLeague/MongoComments/node_modules/restify
661 verbose node_modules/restify unbuild
662 info preuninstall restify@2.8.1
663 info uninstall restify@2.8.1
664 verbose true,/Users/shannonnagaoka/DevLeague/MongoComments/node_modules,/Users/shannonnagaoka/DevLeague/MongoComments/node_modules unbuild restify@2.8.1
665 verbose /Users/shannonnagaoka/DevLeague/MongoComments/node_modules/.bin,[object Object] binRoot
666 verbose gentlyRm verifying that /Users/shannonnagaoka/DevLeague/MongoComments/node_modules/restify is managed by npm
667 silly cacheAndTest /Users/shannonnagaoka/DevLeague/MongoComments/node_modules/restify is inside /Users/shannonnagaoka/DevLeague/MongoComments/node_modules
668 silly gentlyRm /Users/shannonnagaoka/DevLeague/MongoComments/node_modules/restify is managed by npm
669 silly gentlyRm /Users/shannonnagaoka/DevLeague/MongoComments/node_modules/.bin/report-latency is not under /Users/shannonnagaoka/DevLeague/MongoComments/node_modules/restify
670 silly gentlyRm checking to see if /Users/shannonnagaoka/DevLeague/MongoComments/node_modules/.bin/report-latency is a link
671 http 200 https://registry.npmjs.org/verror
672 silly registry.get cb [ 200,
672 silly registry.get   { date: 'Thu, 17 Jul 2014 07:39:02 GMT',
672 silly registry.get     server: 'CouchDB/1.5.0 (Erlang OTP/R16B03)',
672 silly registry.get     etag: '"8IQ6OANKMJW6YR2HWO8JCQJN4"',
672 silly registry.get     'content-type': 'application/json',
672 silly registry.get     'cache-control': 'max-age=30',
672 silly registry.get     'content-length': '13344',
672 silly registry.get     'accept-ranges': 'bytes',
672 silly registry.get     via: '1.1 varnish',
672 silly registry.get     age: '3221',
672 silly registry.get     'x-served-by': 'cache-ord1721-ORD',
672 silly registry.get     'x-cache': 'HIT',
672 silly registry.get     'x-cache-hits': '1',
672 silly registry.get     'x-timer': 'S1405582742.320573,VS0,VE292',
672 silly registry.get     vary: 'Accept',
672 silly registry.get     'keep-alive': 'timeout=10, max=48',
672 silly registry.get     connection: 'Keep-Alive' } ]
673 http 200 https://registry.npmjs.org/dtrace-provider
674 silly registry.get cb [ 200,
674 silly registry.get   { date: 'Thu, 17 Jul 2014 07:39:02 GMT',
674 silly registry.get     server: 'CouchDB/1.5.0 (Erlang OTP/R16B03)',
674 silly registry.get     etag: '"4LERWTWBB2UA4VVP2PE4Z3LD9"',
674 silly registry.get     'content-type': 'application/json',
674 silly registry.get     'cache-control': 'max-age=30',
674 silly registry.get     'content-length': '74488',
674 silly registry.get     'accept-ranges': 'bytes',
674 silly registry.get     via: '1.1 varnish',
674 silly registry.get     age: '1721',
674 silly registry.get     'x-served-by': 'cache-ord1725-ORD',
674 silly registry.get     'x-cache': 'HIT',
674 silly registry.get     'x-cache-hits': '1',
674 silly registry.get     'x-timer': 'S1405582742.366094,VS0,VE135',
674 silly registry.get     vary: 'Accept',
674 silly registry.get     'keep-alive': 'timeout=10, max=49',
674 silly registry.get     connection: 'Keep-Alive' } ]
675 info postuninstall restify@2.8.1
676 verbose gentlyRm vacuuming /Users/shannonnagaoka/DevLeague/MongoComments/node_modules/restify
677 silly lockFile e8fcf475-pmjs-org-semver-semver-2-2-1-tgz https://registry.npmjs.org/semver/-/semver-2.2.1.tgz
678 silly lockFile e8fcf475-pmjs-org-semver-semver-2-2-1-tgz https://registry.npmjs.org/semver/-/semver-2.2.1.tgz
679 silly gentlyRm purging /Users/shannonnagaoka/DevLeague/MongoComments/node_modules/restify
680 silly lockFile 609d7676-semver-2-2-1 semver@2.2.1
681 silly lockFile 609d7676-semver-2-2-1 semver@2.2.1
682 silly lockFile a5d77ef6-pmjs-org-verror-verror-1-3-7-tgz https://registry.npmjs.org/verror/-/verror-1.3.7.tgz
683 verbose lock https://registry.npmjs.org/verror/-/verror-1.3.7.tgz /Users/shannonnagaoka/.npm/a5d77ef6-pmjs-org-verror-verror-1-3-7-tgz.lock
684 silly lockFile 0550683c-ovider-dtrace-provider-0-2-8-tgz https://registry.npmjs.org/dtrace-provider/-/dtrace-provider-0.2.8.tgz
685 verbose lock https://registry.npmjs.org/dtrace-provider/-/dtrace-provider-0.2.8.tgz /Users/shannonnagaoka/.npm/0550683c-ovider-dtrace-provider-0-2-8-tgz.lock
686 verbose addRemoteTarball [ 'https://registry.npmjs.org/verror/-/verror-1.3.7.tgz',
686 verbose addRemoteTarball   'b9dd10e98d1291ab4dde3746d70ef966162237f0' ]
687 verbose addRemoteTarball [ 'https://registry.npmjs.org/dtrace-provider/-/dtrace-provider-0.2.8.tgz',
687 verbose addRemoteTarball   'e243f19219aa95fbf0d8f2ffb07f5bd64e94fe20' ]
688 info retry fetch attempt 1 at 21:39:02
689 verbose fetch to= /var/folders/s0/bvwr0rys4m37k1n3cytgyp800000gn/T/npm-7592-Z6clYaaA/registry.npmjs.org/verror/-/verror-1.3.7.tgz
690 info retry fetch attempt 1 at 21:39:02
691 verbose fetch to= /var/folders/s0/bvwr0rys4m37k1n3cytgyp800000gn/T/npm-7592-Z6clYaaA/registry.npmjs.org/dtrace-provider/-/dtrace-provider-0.2.8.tgz
692 http GET https://registry.npmjs.org/verror/-/verror-1.3.7.tgz
693 http GET https://registry.npmjs.org/dtrace-provider/-/dtrace-provider-0.2.8.tgz
694 silly gentlyRm quitting because other entries in /Users/shannonnagaoka/DevLeague/MongoComments/node_modules
695 error Error: EACCES, mkdir '/Users/shannonnagaoka/.npm/lru-cache/2.3.1'
695 error  { [Error: EACCES, mkdir '/Users/shannonnagaoka/.npm/lru-cache/2.3.1']
695 error   errno: 3,
695 error   code: 'EACCES',
695 error   path: '/Users/shannonnagaoka/.npm/lru-cache/2.3.1',
695 error   parent: 'restify' }
696 error Please try running this command again as root/Administrator.
697 error System Darwin 13.3.0
698 error command "node" "/usr/local/bin/npm" "install" "restify"
699 error cwd /Users/shannonnagaoka/DevLeague/MongoComments
700 error node -v v0.10.29
701 error npm -v 1.5.0-alpha-2
702 error path /Users/shannonnagaoka/.npm/lru-cache/2.3.1
703 error code EACCES
704 error errno 3
705 error stack Error: EACCES, mkdir '/Users/shannonnagaoka/.npm/lru-cache/2.3.1'
706 verbose exit [ 3, true ]
